<?xml version="1.0" encoding="UTF-8"?>
<!-- Generated by org.testng.reporters.JUnitXMLReporter -->
<testsuite ignored="0" hostname="LAPTOP-EBL30HHN" failures="1" tests="5" name="chromeTest" time="16.143" errors="0" timestamp="2024-08-29T20:42:25 IST">
  <testcase classname="BadBlood.Tests.TestHomePage" name="test1" time="0.004"/>
  <testcase classname="BadBlood.Tests.TestHomePage" name="test1" time="0.0"/>
  <testcase classname="BadBlood.Tests.TestHomePage" name="test1" time="0.001"/>
  <testcase classname="BadBlood.Tests.TestHomePage" name="test2" time="1.29">
    <skipped/>
  </testcase> <!-- test2 -->
  <testcase classname="BadBlood.Tests.TestHomePage" name="test2" time="1.216">
    <failure type="java.lang.AssertionError" message="expected [Incorrect email o password.] but found [Incorrect email or password.]">
      <![CDATA[java.lang.AssertionError: expected [Incorrect email o password.] but found [Incorrect email or password.]
at BadBlood.Tests.TestHomePage.test2(TestHomePage.java:26)
at java.base/java.util.ArrayList.forEach(ArrayList.java:1596)
... Removed 35 stack frames]]>
    </failure>
  </testcase> <!-- test2 -->
</testsuite> <!-- chromeTest -->
